SF:lib/domain/entities/movie.dart
DA:9,2
DA:15,0
DA:16,0
LF:3
LH:1
end_of_record
SF:lib/domain/usecases/get_popular_movies.dart
DA:7,1
DA:8,1
DA:9,2
LF:3
LH:3
end_of_record
SF:lib/domain/usecases/search_movie.dart
DA:7,1
DA:8,1
DA:9,2
LF:3
LH:3
end_of_record
SF:lib/core/errors.dart
DA:4,1
LF:1
LH:1
end_of_record
SF:lib/data/data_sources/movie_remote_data_source_impl.dart
DA:11,1
DA:14,1
DA:17,3
DA:18,2
DA:19,2
DA:21,3
DA:22,1
DA:23,1
DA:26,0
DA:30,1
DA:32,1
DA:33,2
DA:34,2
DA:35,2
DA:37,3
DA:38,1
DA:39,1
DA:42,1
DA:46,1
DA:48,1
DA:49,3
DA:50,2
DA:51,2
DA:53,3
DA:54,1
DA:55,1
DA:58,0
LF:27
LH:25
end_of_record
SF:lib/data/models/movie_models.dart
DA:9,1
DA:16,1
DA:17,1
DA:18,1
DA:19,1
DA:20,1
DA:21,1
DA:25,0
DA:26,0
DA:27,0
DA:28,0
DA:29,0
DA:30,0
DA:34,0
DA:35,0
DA:36,0
LF:16
LH:7
end_of_record
SF:lib/main.dart
DA:3,0
DA:4,0
DA:8,2
DA:11,1
DA:13,1
DA:15,1
DA:31,1
DA:40,1
DA:53,1
DA:54,1
DA:60,1
DA:61,2
DA:67,2
DA:71,1
DA:79,1
DA:80,1
DA:84,3
DA:87,3
DA:89,1
DA:92,1
DA:107,1
DA:111,1
DA:112,2
DA:113,3
DA:118,1
DA:119,1
LF:26
LH:24
end_of_record
